Thu Jun 08 2023 12:11:46 } [PH] info: Mongodb Connected!
Thu Jun 08 2023 12:11:46 } [PH] info: Server is running on port 5000
Thu Jun 08 2023 12:11:56 } [PH] info: Mongodb Connected!
Thu Jun 08 2023 12:11:56 } [PH] info: Server is running on port 5000
Thu Jun 08 2023 12:12:4 } [PH] info: Mongodb Connected!
Thu Jun 08 2023 12:12:4 } [PH] info: Server is running on port 5000
Thu Jun 08 2023 12:12:19 } [PH] info: Mongodb Connected!
Thu Jun 08 2023 12:12:19 } [PH] info: Server is running on port 5000
Thu Jun 08 2023 12:12:24 } [PHU] info: Mongodb Connected!
Thu Jun 08 2023 12:12:24 } [PHU] info: Server is running on port 5000
Thu Jun 08 2023 12:12:26 } [PHUM] info: Mongodb Connected!
Thu Jun 08 2023 12:12:26 } [PHUM] info: Server is running on port 5000
Thu Jun 08 2023 12:12:29 } [PH] info: Mongodb Connected!
Thu Jun 08 2023 12:12:29 } [PH] info: Server is running on port 5000
Thu Jun 08 2023 12:12:42 } [undefined] info: Mongodb Connected!
Thu Jun 08 2023 12:12:42 } [undefined] info: Server is running on port 5000
Thu Jun 08 2023 12:12:48 } [PH] info: Mongodb Connected!
Thu Jun 08 2023 12:12:48 } [PH] info: Server is running on port 5000
Thu Jun 08 2023 12:12:51 } [info] info: Mongodb Connected!
Thu Jun 08 2023 12:12:51 } [info] info: Server is running on port 5000
Thu Jun 08 2023 12:12:56 } [info] info: Mongodb Connected!
Thu Jun 08 2023 12:12:56 } [info] info: Server is running on port 5000
Thu Jun 08 2023 12:13:0 } [info] info: Mongodb Connected!
Thu Jun 08 2023 12:13:0 } [info] info: Server is running on port 5000
Thu Jun 08 2023 12:13:9 } [info] info: Mongodb Connected!
Thu Jun 08 2023 12:13:9 } [info] info: Server is running on port 5000
Thu Jun 08 2023 12:16:16 } [info] info: Mongodb Connected!
Thu Jun 08 2023 12:16:16 } [info] info: Server is running on port 5000
Thu Jun 08 2023 12:16:22 } [info] info: Mongodb Connected!
Thu Jun 08 2023 12:16:22 } [info] info: Server is running on port 5000
Thu Jun 08 2023 12:17:14 } [info] info: Mongodb Connected!
Thu Jun 08 2023 12:17:14 } [info] info: Server is running on port 5000
Thu Jun 08 2023 12:17:26 } [info] info: Mongodb Connected!
Thu Jun 08 2023 12:17:26 } [info] info: Server is running on port 5000
