{"level":"info","message":"Mongodb Connected!"}
{"level":"info","message":"Server is running on port 5000"}
{"level":"info","message":"Mongodb Connected!"}
{"level":"info","message":"Server is running on port 5000"}
{"level":"info","message":"Mongodb Connected!"}
{"level":"info","message":"Server is running on port 5000"}
{"level":"info","message":"Mongodb Connected!"}
{"level":"info","message":"Server is running on port 5000"}
{"level":"info","message":"Mongodb Connected!"}
{"level":"info","message":"Server is running on port 5000"}
{"level":"info","message":"Mongodb Connected!"}
{"level":"info","message":"Server is running on port 5000"}
{"level":"info","message":"Mongodb Connected!"}
{"level":"info","message":"Server is running on port 5000"}
{"level":"info","message":"Mongodb Connected!"}
{"level":"info","message":"Server is running on port 5000"}
{"level":"info","message":"Mongodb Connected!"}
{"level":"info","message":"Server is running on port 5000"}
2023-06-04T07:51:42.150Z [right meow!] info: Mongodb Connected!
2023-06-04T07:51:42.161Z [right meow!] info: Server is running on port 5000
2023-06-04T07:51:54.740Z [UM!] info: Mongodb Connected!
2023-06-04T07:51:54.750Z [UM!] info: Server is running on port 5000
2023-06-04T07:52:39.137Z [UM!] info: Mongodb Connected!
2023-06-04T07:52:39.149Z [UM!] info: Server is running on port 5000
2023-06-04T07:53:09.591Z [UM!] info: Mongodb Connected!
2023-06-04T07:53:09.599Z [UM!] info: Server is running on port 5000
2023-06-04T07:53:15.444Z [UM!] info: Mongodb Connected!
2023-06-04T07:53:15.453Z [UM!] info: Server is running on port 5000
Sun Jun 04 2023 13:53:20 GMT+0600 (Bangladesh Standard Time) [UM!] info: Mongodb Connected!
Sun Jun 04 2023 13:53:20 GMT+0600 (Bangladesh Standard Time) [UM!] info: Server is running on port 5000
Sun Jun 04 2023 13:53:42 GMT+0600 (Bangladesh Standard Time) 13:minutes [UM!] info: Mongodb Connected!
Sun Jun 04 2023 13:53:42 GMT+0600 (Bangladesh Standard Time) 13:minutes [UM!] info: Server is running on port 5000
Sun Jun 04 2023 13:53:45 GMT+0600 (Bangladesh Standard Time) 13:{minutes} [UM!] info: Mongodb Connected!
Sun Jun 04 2023 13:53:45 GMT+0600 (Bangladesh Standard Time) 13:{minutes} [UM!] info: Server is running on port 5000
Sun Jun 04 2023 13:53:47 GMT+0600 (Bangladesh Standard Time) 13:53 [UM!] info: Mongodb Connected!
Sun Jun 04 2023 13:53:47 GMT+0600 (Bangladesh Standard Time) 13:53 [UM!] info: Server is running on port 5000
6/4/2023 13:54 [UM!] info: Mongodb Connected!
6/4/2023 13:54 [UM!] info: Server is running on port 5000
6/4/2023 13:54 [UM!] info: Mongodb Connected!
6/4/2023 13:54 [UM!] info: Server is running on port 5000
6/4/2023 13:55 [UM!] info: Mongodb Connected!
6/4/2023 13:55 [UM!] info: Server is running on port 5000
6/4/2023 13:55 [UM!] info: Mongodb Connected!
6/4/2023 13:55 [UM!] info: Server is running on port 5000
6/4/2023 13:56 [UM!] info: Mongodb Connected!
6/4/2023 13:56 [UM!] info: Server is running on port 5000
